<?xml version="1.0" encoding="UTF-8"?>
<coverage generated="1653418912000" clover="3.2.0">
  <project timestamp="1653418912000" name="All files">
    <metrics statements="59" coveredstatements="49" conditionals="27" coveredconditionals="16" methods="5" coveredmethods="4" elements="91" coveredelements="69" complexity="0" loc="59" ncloc="59" packages="1" files="1" classes="1"/>
    <file name="marsmission.ts" path="/Users/imac/dev/portfolio/src/helpers/marsmission.ts">
      <metrics statements="59" coveredstatements="49" conditionals="27" coveredconditionals="16" methods="5" coveredmethods="4"/>
      <line num="2" count="1" type="stmt"/>
      <line num="12" count="1" type="stmt"/>
      <line num="14" count="0" type="cond" truecount="0" falsecount="3"/>
      <line num="15" count="0" type="cond" truecount="0" falsecount="1"/>
      <line num="16" count="0" type="stmt"/>
      <line num="22" count="0" type="cond" truecount="0" falsecount="3"/>
      <line num="23" count="0" type="cond" truecount="0" falsecount="1"/>
      <line num="24" count="0" type="stmt"/>
      <line num="29" count="0" type="stmt"/>
      <line num="34" count="1" type="stmt"/>
      <line num="43" count="11" type="cond" truecount="4" falsecount="1"/>
      <line num="45" count="2" type="stmt"/>
      <line num="46" count="2" type="stmt"/>
      <line num="48" count="3" type="stmt"/>
      <line num="49" count="3" type="stmt"/>
      <line num="51" count="4" type="stmt"/>
      <line num="52" count="4" type="stmt"/>
      <line num="54" count="2" type="stmt"/>
      <line num="55" count="2" type="stmt"/>
      <line num="57" count="0" type="stmt"/>
      <line num="61" count="1" type="stmt"/>
      <line num="63" count="8" type="cond" truecount="1" falsecount="0"/>
      <line num="64" count="4" type="cond" truecount="4" falsecount="1"/>
      <line num="66" count="1" type="stmt"/>
      <line num="67" count="1" type="stmt"/>
      <line num="69" count="1" type="stmt"/>
      <line num="70" count="1" type="stmt"/>
      <line num="72" count="1" type="stmt"/>
      <line num="73" count="1" type="stmt"/>
      <line num="75" count="1" type="stmt"/>
      <line num="76" count="1" type="stmt"/>
      <line num="78" count="0" type="stmt"/>
      <line num="82" count="8" type="cond" truecount="1" falsecount="0"/>
      <line num="83" count="4" type="cond" truecount="4" falsecount="1"/>
      <line num="85" count="1" type="stmt"/>
      <line num="86" count="1" type="stmt"/>
      <line num="88" count="1" type="stmt"/>
      <line num="89" count="1" type="stmt"/>
      <line num="91" count="1" type="stmt"/>
      <line num="92" count="1" type="stmt"/>
      <line num="94" count="1" type="stmt"/>
      <line num="95" count="1" type="stmt"/>
      <line num="97" count="0" type="stmt"/>
      <line num="100" count="8" type="stmt"/>
      <line num="103" count="1" type="stmt"/>
      <line num="104" count="2" type="stmt"/>
      <line num="105" count="2" type="stmt"/>
      <line num="106" count="2" type="stmt"/>
      <line num="107" count="2" type="stmt"/>
      <line num="109" count="2" type="stmt"/>
      <line num="110" count="2" type="stmt"/>
      <line num="112" count="2" type="stmt"/>
      <line num="113" count="19" type="cond" truecount="2" falsecount="0"/>
      <line num="114" count="11" type="stmt"/>
      <line num="115" count="11" type="stmt"/>
      <line num="116" count="11" type="stmt"/>
      <line num="118" count="8" type="stmt"/>
      <line num="123" count="2" type="stmt"/>
      <line num="130" count="1" type="stmt"/>
    </file>
  </project>
</coverage>
