{"/Users/imac/dev/portfolio/src/helpers/marsmission.ts": {"path":"/Users/imac/dev/portfolio/src/helpers/marsmission.ts","statementMap":{"0":{"start":{"line":2,"column":12},"end":{"line":2,"column":32}},"1":{"start":{"line":12,"column":16},"end":{"line":32,"column":1}},"2":{"start":{"line":14,"column":2},"end":{"line":20,"column":null}},"3":{"start":{"line":15,"column":4},"end":{"line":19,"column":null}},"4":{"start":{"line":16,"column":6},"end":{"line":18,"column":8}},"5":{"start":{"line":22,"column":2},"end":{"line":28,"column":null}},"6":{"start":{"line":23,"column":4},"end":{"line":27,"column":null}},"7":{"start":{"line":24,"column":6},"end":{"line":26,"column":8}},"8":{"start":{"line":29,"column":2},"end":{"line":31,"column":4}},"9":{"start":{"line":34,"column":13},"end":{"line":59,"column":1}},"10":{"start":{"line":43,"column":2},"end":{"line":58,"column":null}},"11":{"start":{"line":45,"column":6},"end":{"line":45,"column":10}},"12":{"start":{"line":46,"column":6},"end":{"line":46,"column":20}},"13":{"start":{"line":48,"column":6},"end":{"line":48,"column":10}},"14":{"start":{"line":49,"column":6},"end":{"line":49,"column":20}},"15":{"start":{"line":51,"column":6},"end":{"line":51,"column":11}},"16":{"start":{"line":52,"column":6},"end":{"line":52,"column":20}},"17":{"start":{"line":54,"column":6},"end":{"line":54,"column":10}},"18":{"start":{"line":55,"column":6},"end":{"line":55,"column":20}},"19":{"start":{"line":57,"column":6},"end":{"line":57,"column":20}},"20":{"start":{"line":61,"column":23},"end":{"line":101,"column":1}},"21":{"start":{"line":63,"column":2},"end":{"line":80,"column":null}},"22":{"start":{"line":64,"column":4},"end":{"line":79,"column":null}},"23":{"start":{"line":66,"column":8},"end":{"line":66,"column":22}},"24":{"start":{"line":67,"column":8},"end":{"line":67,"column":14}},"25":{"start":{"line":69,"column":8},"end":{"line":69,"column":22}},"26":{"start":{"line":70,"column":8},"end":{"line":70,"column":14}},"27":{"start":{"line":72,"column":8},"end":{"line":72,"column":22}},"28":{"start":{"line":73,"column":8},"end":{"line":73,"column":14}},"29":{"start":{"line":75,"column":8},"end":{"line":75,"column":22}},"30":{"start":{"line":76,"column":8},"end":{"line":76,"column":14}},"31":{"start":{"line":78,"column":8},"end":{"line":78,"column":14}},"32":{"start":{"line":82,"column":2},"end":{"line":99,"column":null}},"33":{"start":{"line":83,"column":4},"end":{"line":98,"column":null}},"34":{"start":{"line":85,"column":8},"end":{"line":85,"column":22}},"35":{"start":{"line":86,"column":8},"end":{"line":86,"column":14}},"36":{"start":{"line":88,"column":8},"end":{"line":88,"column":22}},"37":{"start":{"line":89,"column":8},"end":{"line":89,"column":14}},"38":{"start":{"line":91,"column":8},"end":{"line":91,"column":22}},"39":{"start":{"line":92,"column":8},"end":{"line":92,"column":14}},"40":{"start":{"line":94,"column":8},"end":{"line":94,"column":22}},"41":{"start":{"line":95,"column":8},"end":{"line":95,"column":14}},"42":{"start":{"line":97,"column":8},"end":{"line":97,"column":14}},"43":{"start":{"line":100,"column":2},"end":{"line":100,"column":17}},"44":{"start":{"line":103,"column":18},"end":{"line":128,"column":1}},"45":{"start":{"line":104,"column":24},"end":{"line":104,"column":39}},"46":{"start":{"line":105,"column":11},"end":{"line":105,"column":20}},"47":{"start":{"line":106,"column":11},"end":{"line":106,"column":20}},"48":{"start":{"line":107,"column":21},"end":{"line":107,"column":39}},"49":{"start":{"line":109,"column":11},"end":{"line":109,"column":13}},"50":{"start":{"line":110,"column":11},"end":{"line":110,"column":13}},"51":{"start":{"line":112,"column":2},"end":{"line":121,"column":5}},"52":{"start":{"line":113,"column":4},"end":{"line":119,"column":null}},"53":{"start":{"line":114,"column":21},"end":{"line":114,"column":42}},"54":{"start":{"line":115,"column":6},"end":{"line":115,"column":15}},"55":{"start":{"line":116,"column":6},"end":{"line":116,"column":14}},"56":{"start":{"line":118,"column":6},"end":{"line":118,"column":46}},"57":{"start":{"line":123,"column":4},"end":{"line":127,"column":6}},"58":{"start":{"line":130,"column":0},"end":{"line":130,"column":25}}},"fnMap":{"0":{"name":"(anonymous_0)","decl":{"start":{"line":12,"column":16},"end":{"line":12,"column":17}},"loc":{"start":{"line":12,"column":59},"end":{"line":32,"column":1}}},"1":{"name":"(anonymous_1)","decl":{"start":{"line":34,"column":13},"end":{"line":34,"column":null}},"loc":{"start":{"line":38,"column":4},"end":{"line":59,"column":1}}},"2":{"name":"(anonymous_2)","decl":{"start":{"line":61,"column":23},"end":{"line":61,"column":24}},"loc":{"start":{"line":61,"column":62},"end":{"line":101,"column":1}}},"3":{"name":"(anonymous_3)","decl":{"start":{"line":103,"column":18},"end":{"line":103,"column":19}},"loc":{"start":{"line":103,"column":53},"end":{"line":128,"column":1}}},"4":{"name":"(anonymous_4)","decl":{"start":{"line":112,"column":21},"end":{"line":112,"column":22}},"loc":{"start":{"line":112,"column":30},"end":{"line":121,"column":3}}}},"branchMap":{"0":{"loc":{"start":{"line":14,"column":2},"end":{"line":20,"column":null}},"type":"if","locations":[{"start":{"line":14,"column":2},"end":{"line":20,"column":null}}]},"1":{"loc":{"start":{"line":14,"column":6},"end":{"line":14,"column":42}},"type":"binary-expr","locations":[{"start":{"line":14,"column":6},"end":{"line":14,"column":22}},{"start":{"line":14,"column":26},"end":{"line":14,"column":42}}]},"2":{"loc":{"start":{"line":15,"column":4},"end":{"line":19,"column":null}},"type":"if","locations":[{"start":{"line":15,"column":4},"end":{"line":19,"column":null}}]},"3":{"loc":{"start":{"line":22,"column":2},"end":{"line":28,"column":null}},"type":"if","locations":[{"start":{"line":22,"column":2},"end":{"line":28,"column":null}}]},"4":{"loc":{"start":{"line":22,"column":6},"end":{"line":22,"column":42}},"type":"binary-expr","locations":[{"start":{"line":22,"column":6},"end":{"line":22,"column":22}},{"start":{"line":22,"column":26},"end":{"line":22,"column":42}}]},"5":{"loc":{"start":{"line":23,"column":4},"end":{"line":27,"column":null}},"type":"if","locations":[{"start":{"line":23,"column":4},"end":{"line":27,"column":null}}]},"6":{"loc":{"start":{"line":43,"column":2},"end":{"line":58,"column":null}},"type":"switch","locations":[{"start":{"line":44,"column":4},"end":{"line":46,"column":20}},{"start":{"line":47,"column":4},"end":{"line":49,"column":20}},{"start":{"line":50,"column":4},"end":{"line":52,"column":20}},{"start":{"line":53,"column":4},"end":{"line":55,"column":20}},{"start":{"line":56,"column":4},"end":{"line":57,"column":20}}]},"7":{"loc":{"start":{"line":63,"column":2},"end":{"line":80,"column":null}},"type":"if","locations":[{"start":{"line":63,"column":2},"end":{"line":80,"column":null}}]},"8":{"loc":{"start":{"line":64,"column":4},"end":{"line":79,"column":null}},"type":"switch","locations":[{"start":{"line":65,"column":6},"end":{"line":67,"column":14}},{"start":{"line":68,"column":6},"end":{"line":70,"column":14}},{"start":{"line":71,"column":6},"end":{"line":73,"column":14}},{"start":{"line":74,"column":6},"end":{"line":76,"column":14}},{"start":{"line":77,"column":6},"end":{"line":78,"column":14}}]},"9":{"loc":{"start":{"line":82,"column":2},"end":{"line":99,"column":null}},"type":"if","locations":[{"start":{"line":82,"column":2},"end":{"line":99,"column":null}}]},"10":{"loc":{"start":{"line":83,"column":4},"end":{"line":98,"column":null}},"type":"switch","locations":[{"start":{"line":84,"column":6},"end":{"line":86,"column":14}},{"start":{"line":87,"column":6},"end":{"line":89,"column":14}},{"start":{"line":90,"column":6},"end":{"line":92,"column":14}},{"start":{"line":93,"column":6},"end":{"line":95,"column":14}},{"start":{"line":96,"column":6},"end":{"line":97,"column":14}}]},"11":{"loc":{"start":{"line":113,"column":4},"end":{"line":119,"column":null}},"type":"if","locations":[{"start":{"line":113,"column":4},"end":{"line":119,"column":null}},{"start":{"line":117,"column":11},"end":{"line":119,"column":null}}]}},"s":{"0":1,"1":1,"2":0,"3":0,"4":0,"5":0,"6":0,"7":0,"8":0,"9":1,"10":11,"11":2,"12":2,"13":3,"14":3,"15":4,"16":4,"17":2,"18":2,"19":0,"20":1,"21":8,"22":4,"23":1,"24":1,"25":1,"26":1,"27":1,"28":1,"29":1,"30":1,"31":0,"32":8,"33":4,"34":1,"35":1,"36":1,"37":1,"38":1,"39":1,"40":1,"41":1,"42":0,"43":8,"44":1,"45":2,"46":2,"47":2,"48":2,"49":2,"50":2,"51":2,"52":19,"53":11,"54":11,"55":11,"56":8,"57":2,"58":1},"f":{"0":0,"1":11,"2":8,"3":2,"4":19},"b":{"0":[0],"1":[0,0],"2":[0],"3":[0],"4":[0,0],"5":[0],"6":[2,3,4,2,0],"7":[4],"8":[1,1,1,1,0],"9":[4],"10":[1,1,1,1,0],"11":[11,8]}}
}
