{"/Users/travsim/dev/marsroverchallenge/src/app.ts": {"path":"/Users/travsim/dev/marsroverchallenge/src/app.ts","statementMap":{"0":{"start":{"line":3,"column":0},"end":{"line":3,"column":30}},"1":{"start":{"line":4,"column":0},"end":{"line":4,"column":24}},"2":{"start":{"line":6,"column":0},"end":{"line":6,"column":37}},"3":{"start":{"line":8,"column":12},"end":{"line":8,"column":21}},"4":{"start":{"line":10,"column":0},"end":{"line":10,"column":16}},"5":{"start":{"line":12,"column":0},"end":{"line":12,"column":24}},"6":{"start":{"line":13,"column":0},"end":{"line":13,"column":49}},"7":{"start":{"line":16,"column":0},"end":{"line":16,"column":12}},"8":{"start":{"line":18,"column":0},"end":{"line":18,"column":19}}},"fnMap":{},"branchMap":{},"s":{"0":1,"1":1,"2":1,"3":1,"4":1,"5":1,"6":1,"7":1,"8":1},"f":{},"b":{}}
,"/Users/travsim/dev/marsroverchallenge/src/controllers/controll.controller.ts": {"path":"/Users/travsim/dev/marsroverchallenge/src/controllers/controll.controller.ts","statementMap":{"0":{"start":{"line":2,"column":0},"end":{"line":2,"column":47}},"1":{"start":{"line":4,"column":17},"end":{"line":19,"column":1}},"2":{"start":{"line":5,"column":4},"end":{"line":18,"column":null}},"3":{"start":{"line":6,"column":44},"end":{"line":6,"column":56}},"4":{"start":{"line":7,"column":21},"end":{"line":7,"column":55}},"5":{"start":{"line":8,"column":8},"end":{"line":11,"column":null}},"6":{"start":{"line":13,"column":8},"end":{"line":13,"column":27}},"7":{"start":{"line":14,"column":8},"end":{"line":17,"column":null}},"8":{"start":{"line":21,"column":0},"end":{"line":21,"column":28}}},"fnMap":{"0":{"name":"(anonymous_1)","decl":{"start":{"line":4,"column":17},"end":{"line":4,"column":18}},"loc":{"start":{"line":4,"column":58},"end":{"line":19,"column":1}}}},"branchMap":{},"s":{"0":1,"1":1,"2":2,"3":2,"4":2,"5":2,"6":0,"7":0,"8":1},"f":{"0":2},"b":{}}
,"/Users/travsim/dev/marsroverchallenge/src/helpers/marsmission.ts": {"path":"/Users/travsim/dev/marsroverchallenge/src/helpers/marsmission.ts","statementMap":{"0":{"start":{"line":2,"column":12},"end":{"line":2,"column":32}},"1":{"start":{"line":12,"column":16},"end":{"line":21,"column":1}},"2":{"start":{"line":13,"column":2},"end":{"line":17,"column":null}},"3":{"start":{"line":14,"column":4},"end":{"line":16,"column":6}},"4":{"start":{"line":18,"column":2},"end":{"line":20,"column":4}},"5":{"start":{"line":23,"column":13},"end":{"line":48,"column":1}},"6":{"start":{"line":32,"column":2},"end":{"line":47,"column":null}},"7":{"start":{"line":34,"column":6},"end":{"line":34,"column":10}},"8":{"start":{"line":35,"column":6},"end":{"line":35,"column":20}},"9":{"start":{"line":37,"column":6},"end":{"line":37,"column":10}},"10":{"start":{"line":38,"column":6},"end":{"line":38,"column":20}},"11":{"start":{"line":40,"column":6},"end":{"line":40,"column":11}},"12":{"start":{"line":41,"column":6},"end":{"line":41,"column":20}},"13":{"start":{"line":43,"column":6},"end":{"line":43,"column":10}},"14":{"start":{"line":44,"column":6},"end":{"line":44,"column":20}},"15":{"start":{"line":46,"column":6},"end":{"line":46,"column":20}},"16":{"start":{"line":50,"column":23},"end":{"line":90,"column":1}},"17":{"start":{"line":52,"column":2},"end":{"line":69,"column":null}},"18":{"start":{"line":53,"column":4},"end":{"line":68,"column":null}},"19":{"start":{"line":55,"column":8},"end":{"line":55,"column":22}},"20":{"start":{"line":56,"column":8},"end":{"line":56,"column":14}},"21":{"start":{"line":58,"column":8},"end":{"line":58,"column":22}},"22":{"start":{"line":59,"column":8},"end":{"line":59,"column":14}},"23":{"start":{"line":61,"column":8},"end":{"line":61,"column":22}},"24":{"start":{"line":62,"column":8},"end":{"line":62,"column":14}},"25":{"start":{"line":64,"column":8},"end":{"line":64,"column":22}},"26":{"start":{"line":65,"column":8},"end":{"line":65,"column":14}},"27":{"start":{"line":67,"column":8},"end":{"line":67,"column":14}},"28":{"start":{"line":71,"column":2},"end":{"line":88,"column":null}},"29":{"start":{"line":72,"column":4},"end":{"line":87,"column":null}},"30":{"start":{"line":74,"column":8},"end":{"line":74,"column":22}},"31":{"start":{"line":75,"column":8},"end":{"line":75,"column":14}},"32":{"start":{"line":77,"column":8},"end":{"line":77,"column":22}},"33":{"start":{"line":78,"column":8},"end":{"line":78,"column":14}},"34":{"start":{"line":80,"column":8},"end":{"line":80,"column":22}},"35":{"start":{"line":81,"column":8},"end":{"line":81,"column":14}},"36":{"start":{"line":83,"column":8},"end":{"line":83,"column":22}},"37":{"start":{"line":84,"column":8},"end":{"line":84,"column":14}},"38":{"start":{"line":86,"column":8},"end":{"line":86,"column":14}},"39":{"start":{"line":89,"column":2},"end":{"line":89,"column":17}},"40":{"start":{"line":92,"column":18},"end":{"line":116,"column":1}},"41":{"start":{"line":93,"column":24},"end":{"line":93,"column":39}},"42":{"start":{"line":94,"column":11},"end":{"line":94,"column":20}},"43":{"start":{"line":95,"column":11},"end":{"line":95,"column":20}},"44":{"start":{"line":96,"column":21},"end":{"line":96,"column":39}},"45":{"start":{"line":98,"column":11},"end":{"line":98,"column":13}},"46":{"start":{"line":99,"column":11},"end":{"line":99,"column":13}},"47":{"start":{"line":101,"column":2},"end":{"line":109,"column":5}},"48":{"start":{"line":102,"column":4},"end":{"line":108,"column":null}},"49":{"start":{"line":103,"column":21},"end":{"line":103,"column":42}},"50":{"start":{"line":104,"column":6},"end":{"line":104,"column":15}},"51":{"start":{"line":105,"column":6},"end":{"line":105,"column":14}},"52":{"start":{"line":107,"column":6},"end":{"line":107,"column":46}},"53":{"start":{"line":111,"column":4},"end":{"line":115,"column":6}},"54":{"start":{"line":118,"column":0},"end":{"line":118,"column":25}}},"fnMap":{"0":{"name":"(anonymous_0)","decl":{"start":{"line":12,"column":16},"end":{"line":12,"column":17}},"loc":{"start":{"line":12,"column":41},"end":{"line":21,"column":1}}},"1":{"name":"(anonymous_1)","decl":{"start":{"line":23,"column":13},"end":{"line":23,"column":null}},"loc":{"start":{"line":27,"column":4},"end":{"line":48,"column":1}}},"2":{"name":"(anonymous_2)","decl":{"start":{"line":50,"column":23},"end":{"line":50,"column":24}},"loc":{"start":{"line":50,"column":62},"end":{"line":90,"column":1}}},"3":{"name":"(anonymous_3)","decl":{"start":{"line":92,"column":18},"end":{"line":92,"column":19}},"loc":{"start":{"line":92,"column":53},"end":{"line":116,"column":1}}},"4":{"name":"(anonymous_4)","decl":{"start":{"line":101,"column":21},"end":{"line":101,"column":22}},"loc":{"start":{"line":101,"column":30},"end":{"line":109,"column":3}}}},"branchMap":{"0":{"loc":{"start":{"line":13,"column":2},"end":{"line":17,"column":null}},"type":"if","locations":[{"start":{"line":13,"column":2},"end":{"line":17,"column":null}}]},"1":{"loc":{"start":{"line":13,"column":6},"end":{"line":13,"column":32}},"type":"binary-expr","locations":[{"start":{"line":13,"column":7},"end":{"line":13,"column":16}},{"start":{"line":13,"column":22},"end":{"line":13,"column":31}}]},"2":{"loc":{"start":{"line":32,"column":2},"end":{"line":47,"column":null}},"type":"switch","locations":[{"start":{"line":33,"column":4},"end":{"line":35,"column":20}},{"start":{"line":36,"column":4},"end":{"line":38,"column":20}},{"start":{"line":39,"column":4},"end":{"line":41,"column":20}},{"start":{"line":42,"column":4},"end":{"line":44,"column":20}},{"start":{"line":45,"column":4},"end":{"line":46,"column":20}}]},"3":{"loc":{"start":{"line":52,"column":2},"end":{"line":69,"column":null}},"type":"if","locations":[{"start":{"line":52,"column":2},"end":{"line":69,"column":null}}]},"4":{"loc":{"start":{"line":53,"column":4},"end":{"line":68,"column":null}},"type":"switch","locations":[{"start":{"line":54,"column":6},"end":{"line":56,"column":14}},{"start":{"line":57,"column":6},"end":{"line":59,"column":14}},{"start":{"line":60,"column":6},"end":{"line":62,"column":14}},{"start":{"line":63,"column":6},"end":{"line":65,"column":14}},{"start":{"line":66,"column":6},"end":{"line":67,"column":14}}]},"5":{"loc":{"start":{"line":71,"column":2},"end":{"line":88,"column":null}},"type":"if","locations":[{"start":{"line":71,"column":2},"end":{"line":88,"column":null}}]},"6":{"loc":{"start":{"line":72,"column":4},"end":{"line":87,"column":null}},"type":"switch","locations":[{"start":{"line":73,"column":6},"end":{"line":75,"column":14}},{"start":{"line":76,"column":6},"end":{"line":78,"column":14}},{"start":{"line":79,"column":6},"end":{"line":81,"column":14}},{"start":{"line":82,"column":6},"end":{"line":84,"column":14}},{"start":{"line":85,"column":6},"end":{"line":86,"column":14}}]},"7":{"loc":{"start":{"line":102,"column":4},"end":{"line":108,"column":null}},"type":"if","locations":[{"start":{"line":102,"column":4},"end":{"line":108,"column":null}},{"start":{"line":106,"column":11},"end":{"line":108,"column":null}}]}},"s":{"0":1,"1":1,"2":0,"3":0,"4":0,"5":1,"6":11,"7":2,"8":2,"9":3,"10":3,"11":4,"12":4,"13":2,"14":2,"15":0,"16":1,"17":8,"18":4,"19":1,"20":1,"21":1,"22":1,"23":1,"24":1,"25":1,"26":1,"27":0,"28":8,"29":4,"30":1,"31":1,"32":1,"33":1,"34":1,"35":1,"36":1,"37":1,"38":0,"39":8,"40":1,"41":2,"42":2,"43":2,"44":2,"45":2,"46":2,"47":2,"48":19,"49":11,"50":11,"51":11,"52":8,"53":2,"54":1},"f":{"0":0,"1":11,"2":8,"3":2,"4":19},"b":{"0":[0],"1":[0,0],"2":[2,3,4,2,0],"3":[4],"4":[1,1,1,1,0],"5":[4],"6":[1,1,1,1,0],"7":[11,8]}}
,"/Users/travsim/dev/marsroverchallenge/src/routes/routes.ts": {"path":"/Users/travsim/dev/marsroverchallenge/src/routes/routes.ts","statementMap":{"0":{"start":{"line":1,"column":0},"end":{"line":1,"column":42}},"1":{"start":{"line":2,"column":0},"end":{"line":2,"column":58}},"2":{"start":{"line":4,"column":15},"end":{"line":4,"column":23}},"3":{"start":{"line":6,"column":15},"end":{"line":8,"column":1}},"4":{"start":{"line":7,"column":4},"end":{"line":7,"column":62}},"5":{"start":{"line":10,"column":0},"end":{"line":10,"column":22}}},"fnMap":{"0":{"name":"(anonymous_1)","decl":{"start":{"line":6,"column":15},"end":{"line":6,"column":16}},"loc":{"start":{"line":6,"column":32},"end":{"line":8,"column":1}}}},"branchMap":{},"s":{"0":1,"1":1,"2":1,"3":1,"4":1,"5":1},"f":{"0":1},"b":{}}
}
