TN:
SF:src/app.ts
FNF:0
FNH:0
DA:3,1
DA:4,1
DA:6,1
DA:8,1
DA:10,1
DA:12,1
DA:13,1
DA:16,1
DA:18,1
LF:9
LH:9
BRF:0
BRH:0
end_of_record
TN:
SF:src/controllers/controll.controller.ts
FN:4,(anonymous_1)
FNF:1
FNH:1
FNDA:2,(anonymous_1)
DA:2,1
DA:4,1
DA:5,2
DA:6,2
DA:7,2
DA:8,2
DA:13,0
DA:14,0
DA:21,1
LF:9
LH:7
BRF:0
BRH:0
end_of_record
TN:
SF:src/helpers/marsmission.ts
FN:12,(anonymous_0)
FN:23,(anonymous_1)
FN:50,(anonymous_2)
FN:92,(anonymous_3)
FN:101,(anonymous_4)
FNF:5
FNH:4
FNDA:0,(anonymous_0)
FNDA:11,(anonymous_1)
FNDA:8,(anonymous_2)
FNDA:2,(anonymous_3)
FNDA:19,(anonymous_4)
DA:2,1
DA:12,1
DA:13,0
DA:14,0
DA:18,0
DA:23,1
DA:32,11
DA:34,2
DA:35,2
DA:37,3
DA:38,3
DA:40,4
DA:41,4
DA:43,2
DA:44,2
DA:46,0
DA:50,1
DA:52,8
DA:53,4
DA:55,1
DA:56,1
DA:58,1
DA:59,1
DA:61,1
DA:62,1
DA:64,1
DA:65,1
DA:67,0
DA:71,8
DA:72,4
DA:74,1
DA:75,1
DA:77,1
DA:78,1
DA:80,1
DA:81,1
DA:83,1
DA:84,1
DA:86,0
DA:89,8
DA:92,1
DA:93,2
DA:94,2
DA:95,2
DA:96,2
DA:98,2
DA:99,2
DA:101,2
DA:102,19
DA:103,11
DA:104,11
DA:105,11
DA:107,8
DA:111,2
DA:118,1
LF:55
LH:49
BRDA:13,0,0,0
BRDA:13,1,0,0
BRDA:13,1,1,0
BRDA:32,2,0,2
BRDA:32,2,1,3
BRDA:32,2,2,4
BRDA:32,2,3,2
BRDA:32,2,4,0
BRDA:52,3,0,4
BRDA:53,4,0,1
BRDA:53,4,1,1
BRDA:53,4,2,1
BRDA:53,4,3,1
BRDA:53,4,4,0
BRDA:71,5,0,4
BRDA:72,6,0,1
BRDA:72,6,1,1
BRDA:72,6,2,1
BRDA:72,6,3,1
BRDA:72,6,4,0
BRDA:102,7,0,11
BRDA:102,7,1,8
BRF:22
BRH:16
end_of_record
TN:
SF:src/routes/routes.ts
FN:6,(anonymous_1)
FNF:1
FNH:1
FNDA:1,(anonymous_1)
DA:1,1
DA:2,1
DA:4,1
DA:6,1
DA:7,1
DA:10,1
LF:6
LH:6
BRF:0
BRH:0
end_of_record
