TN:
SF:src/helpers/marsmission.ts
FN:12,(anonymous_0)
FN:34,(anonymous_1)
FN:61,(anonymous_2)
FN:103,(anonymous_3)
FN:112,(anonymous_4)
FNF:5
FNH:4
FNDA:0,(anonymous_0)
FNDA:11,(anonymous_1)
FNDA:8,(anonymous_2)
FNDA:2,(anonymous_3)
FNDA:19,(anonymous_4)
DA:2,1
DA:12,1
DA:14,0
DA:15,0
DA:16,0
DA:22,0
DA:23,0
DA:24,0
DA:29,0
DA:34,1
DA:43,11
DA:45,2
DA:46,2
DA:48,3
DA:49,3
DA:51,4
DA:52,4
DA:54,2
DA:55,2
DA:57,0
DA:61,1
DA:63,8
DA:64,4
DA:66,1
DA:67,1
DA:69,1
DA:70,1
DA:72,1
DA:73,1
DA:75,1
DA:76,1
DA:78,0
DA:82,8
DA:83,4
DA:85,1
DA:86,1
DA:88,1
DA:89,1
DA:91,1
DA:92,1
DA:94,1
DA:95,1
DA:97,0
DA:100,8
DA:103,1
DA:104,2
DA:105,2
DA:106,2
DA:107,2
DA:109,2
DA:110,2
DA:112,2
DA:113,19
DA:114,11
DA:115,11
DA:116,11
DA:118,8
DA:123,2
DA:130,1
LF:59
LH:49
BRDA:14,0,0,0
BRDA:14,1,0,0
BRDA:14,1,1,0
BRDA:15,2,0,0
BRDA:22,3,0,0
BRDA:22,4,0,0
BRDA:22,4,1,0
BRDA:23,5,0,0
BRDA:43,6,0,2
BRDA:43,6,1,3
BRDA:43,6,2,4
BRDA:43,6,3,2
BRDA:43,6,4,0
BRDA:63,7,0,4
BRDA:64,8,0,1
BRDA:64,8,1,1
BRDA:64,8,2,1
BRDA:64,8,3,1
BRDA:64,8,4,0
BRDA:82,9,0,4
BRDA:83,10,0,1
BRDA:83,10,1,1
BRDA:83,10,2,1
BRDA:83,10,3,1
BRDA:83,10,4,0
BRDA:113,11,0,11
BRDA:113,11,1,8
BRF:27
BRH:16
end_of_record
